<?xml version="1.0" encoding="UTF-8"?>
<!-- Generated by org.testng.reporters.JUnitXMLReporter -->
<testsuite hostname="Benny-computer" ignored="0" name="Default test" tests="3" failures="0" timestamp="04 Feb 2019 16:13:05 GMT" time="4.385" errors="0">
  <testcase name="addPet" time="2.761" classname="TestApi.PetTest"/>
  <testcase name="createOrder" time="0.001" classname="TestApi.PetTest"/>
  <testcase name="userCreation" time="0.001" classname="TestApi.PetTest"/>
</testsuite> <!-- Default test -->
