<?xml version="1.0" encoding="UTF-8"?>
<!-- Generated by org.testng.reporters.JUnitXMLReporter -->
<testsuite hostname="Benny-computer" ignored="0" name="ApiTests" tests="2" failures="1" timestamp="04 Feb 2019 20:18:48 GMT" time="4.225" errors="0">
  <testcase name="addPet" time="2.433" classname="TestApi.PetTest">
    <failure type="java.lang.AssertionError" message="expected [200] but found [205]">
      <![CDATA[java.lang.AssertionError: expected [200] but found [205]
at TestApi.PetTest.addPet(PetTest.java:27)
... Removed 34 stack frames]]>
    </failure>
  </testcase> <!-- addPet -->
  <testcase name="addPetOrder" time="0.001" classname="TestApi.PetTest"/>
</testsuite> <!-- ApiTests -->
