<?xml version="1.0" encoding="UTF-8"?>
<!-- Generated by org.testng.reporters.JUnitXMLReporter -->
<testsuite hostname="Benny-computer" ignored="0" name="ApiTests" tests="3" failures="0" timestamp="05 Feb 2019 06:15:40 GMT" time="5.978" errors="0">
  <testcase name="addPetTest" time="2.471" classname="TestApi.PetTest"/>
  <testcase name="addPetOrderTest" time="0.908" classname="TestApi.OrderTest"/>
  <testcase name="addUserTest" time="0.78" classname="TestApi.UserTest"/>
</testsuite> <!-- ApiTests -->
