<?xml version="1.0" encoding="UTF-8"?>
<testng-results skipped="0" failed="0" ignored="0" total="1" passed="1">
  <reporter-output>
  </reporter-output>
  <suite name="Suite" duration-ms="4253" started-at="2019-02-05T05:53:35Z" finished-at="2019-02-05T05:53:39Z">
    <groups>
    </groups>
    <test name="ApiTests" duration-ms="4253" started-at="2019-02-05T05:53:35Z" finished-at="2019-02-05T05:53:39Z">
      <class name="TestApi.UserTest">
        <test-method status="PASS" signature="setup()[pri:0, instance:TestApi.UserTest@59a6e353]" name="setup" is-config="true" duration-ms="1720" started-at="2019-02-05T05:53:35Z" finished-at="2019-02-05T05:53:37Z">
          <reporter-output>
          </reporter-output>
        </test-method> <!-- setup -->
        <test-method status="PASS" signature="addUserTest()[pri:2, instance:TestApi.UserTest@59a6e353]" name="addUserTest" duration-ms="2260" started-at="2019-02-05T05:53:37Z" finished-at="2019-02-05T05:53:39Z">
          <reporter-output>
          </reporter-output>
        </test-method> <!-- addUserTest -->
        <test-method status="PASS" signature="cleanup()[pri:0, instance:TestApi.UserTest@59a6e353]" name="cleanup" is-config="true" duration-ms="0" started-at="2019-02-05T05:53:39Z" finished-at="2019-02-05T05:53:39Z">
          <reporter-output>
          </reporter-output>
        </test-method> <!-- cleanup -->
      </class> <!-- TestApi.UserTest -->
    </test> <!-- ApiTests -->
  </suite> <!-- Suite -->
</testng-results>
